2024-12-25 12:03:49 | [INFO]    | Discordia 2.13.0
2024-12-25 12:03:49 | [INFO]    | Connecting to Discord...
2024-12-25 12:03:50 | [INFO]    | Authenticated as FSRP Managment bot#2478
2024-12-25 12:03:50 | [INFO]    | Launching shard 0 (1 out of 1)...
2024-12-25 12:03:50 | [INFO]    | Shard 0 : Connected to wss://gateway.discord.gg
2024-12-25 12:03:50 | [INFO]    | Shard 0 : Received HELLO
2024-12-25 12:03:51 | [INFO]    | Shard 0 : Received READY
2024-12-25 12:08:42 | [INFO]    | Discordia 2.13.0
2024-12-25 12:08:42 | [INFO]    | Connecting to Discord...
2024-12-25 12:08:43 | [INFO]    | Authenticated as FSRP Managment bot#2478
2024-12-25 12:08:43 | [INFO]    | Launching shard 0 (1 out of 1)...
2024-12-25 12:08:43 | [INFO]    | Shard 0 : Connected to wss://gateway.discord.gg
2024-12-25 12:08:43 | [INFO]    | Shard 0 : Received HELLO
2024-12-25 12:08:43 | [INFO]    | Shard 0 : Received READY
2024-12-25 12:13:29 | [INFO]    | Discordia 2.13.0
2024-12-25 12:13:29 | [INFO]    | Connecting to Discord...
2024-12-25 12:13:29 | [INFO]    | Authenticated as FSRP Managment bot#2478
2024-12-25 12:13:29 | [INFO]    | Launching shard 0 (1 out of 1)...
2024-12-25 12:13:29 | [INFO]    | Shard 0 : Connected to wss://gateway.discord.gg
2024-12-25 12:13:29 | [INFO]    | Shard 0 : Received HELLO
2024-12-25 12:13:29 | [INFO]    | Shard 0 : Received READY
2024-12-25 12:16:18 | [INFO]    | Discordia 2.13.0
2024-12-25 12:16:18 | [INFO]    | Connecting to Discord...
2024-12-25 12:16:18 | [INFO]    | Authenticated as FSRP Managment bot#2478
2024-12-25 12:16:18 | [INFO]    | Launching shard 0 (1 out of 1)...
2024-12-25 12:16:18 | [INFO]    | Shard 0 : Connected to wss://gateway.discord.gg
2024-12-25 12:16:18 | [INFO]    | Shard 0 : Received HELLO
2024-12-25 12:16:18 | [INFO]    | Shard 0 : Received READY
2024-12-25 15:05:10 | [INFO]    | Discordia 2.13.0
2024-12-25 15:05:10 | [INFO]    | Connecting to Discord...
2024-12-25 15:05:10 | [INFO]    | Authenticated as FSRP Managment bot#2478
2024-12-25 15:05:11 | [INFO]    | Launching shard 0 (1 out of 1)...
2024-12-25 15:05:11 | [INFO]    | Shard 0 : Connected to wss://gateway.discord.gg
2024-12-25 15:05:11 | [INFO]    | Shard 0 : Received HELLO
2024-12-25 15:05:11 | [INFO]    | Shard 0 : Received READY
2024-12-25 15:13:55 | [INFO]    | Discordia 2.13.0
2024-12-25 15:13:55 | [INFO]    | Connecting to Discord...
2024-12-25 15:13:55 | [INFO]    | Authenticated as FSRP Managment bot#2478
2024-12-25 15:13:55 | [INFO]    | Launching shard 0 (1 out of 1)...
2024-12-25 15:13:55 | [INFO]    | Shard 0 : Connected to wss://gateway.discord.gg
2024-12-25 15:13:55 | [INFO]    | Shard 0 : Received HELLO
2024-12-25 15:13:55 | [INFO]    | Shard 0 : Received READY
2024-12-25 15:18:34 | [INFO]    | Shard 0 : Disconnected
2024-12-25 15:18:34 | [INFO]    | Shard 0 : Reconnecting after 1096 ms...
2024-12-25 15:18:36 | [INFO]    | Shard 0 : Connected to wss://gateway.discord.gg
2024-12-25 15:18:36 | [INFO]    | Shard 0 : Received HELLO
2024-12-25 15:18:36 | [INFO]    | Shard 0 : Received RESUMED
2024-12-25 15:19:01 | [INFO]    | Discordia 2.13.0
2024-12-25 15:19:01 | [INFO]    | Connecting to Discord...
2024-12-25 15:19:01 | [INFO]    | Authenticated as FSRP Managment bot#2478
2024-12-25 15:19:01 | [INFO]    | Launching shard 0 (1 out of 1)...
2024-12-25 15:19:02 | [INFO]    | Shard 0 : Connected to wss://gateway.discord.gg
2024-12-25 15:19:02 | [INFO]    | Shard 0 : Received HELLO
2024-12-25 15:19:02 | [INFO]    | Shard 0 : Received READY
2024-12-25 15:22:23 | [INFO]    | Discordia 2.13.0
2024-12-25 15:22:23 | [INFO]    | Connecting to Discord...
2024-12-25 15:22:23 | [INFO]    | Authenticated as FSRP Managment bot#2478
2024-12-25 15:22:23 | [INFO]    | Launching shard 0 (1 out of 1)...
2024-12-25 15:22:23 | [INFO]    | Shard 0 : Connected to wss://gateway.discord.gg
2024-12-25 15:22:23 | [INFO]    | Shard 0 : Received HELLO
2024-12-25 15:22:24 | [INFO]    | Shard 0 : Received READY
2024-12-25 15:40:30 | [INFO]    | Discordia 2.13.0
2024-12-25 15:40:30 | [INFO]    | Connecting to Discord...
2024-12-25 15:40:31 | [INFO]    | Authenticated as FSRP Managment bot#2478
2024-12-25 15:40:31 | [INFO]    | Launching shard 0 (1 out of 1)...
2024-12-25 15:40:31 | [INFO]    | Shard 0 : Connected to wss://gateway.discord.gg
2024-12-25 15:40:31 | [INFO]    | Shard 0 : Received HELLO
2024-12-25 15:40:32 | [INFO]    | Shard 0 : Received READY
2024-12-25 15:43:55 | [INFO]    | Discordia 2.13.0
2024-12-25 15:43:55 | [INFO]    | Connecting to Discord...
2024-12-25 15:43:55 | [INFO]    | Authenticated as FSRP Managment bot#2478
2024-12-25 15:43:55 | [INFO]    | Launching shard 0 (1 out of 1)...
2024-12-25 15:43:56 | [INFO]    | Shard 0 : Connected to wss://gateway.discord.gg
2024-12-25 15:43:56 | [INFO]    | Shard 0 : Received HELLO
2024-12-25 15:43:56 | [INFO]    | Shard 0 : Received READY
2024-12-25 15:45:36 | [INFO]    | Discordia 2.13.0
2024-12-25 15:45:36 | [INFO]    | Connecting to Discord...
2024-12-25 15:45:36 | [INFO]    | Authenticated as FSRP Managment bot#2478
2024-12-25 15:45:36 | [INFO]    | Launching shard 0 (1 out of 1)...
2024-12-25 15:45:36 | [INFO]    | Shard 0 : Connected to wss://gateway.discord.gg
2024-12-25 15:45:36 | [INFO]    | Shard 0 : Received HELLO
2024-12-25 15:45:36 | [INFO]    | Shard 0 : Received READY
2024-12-25 15:45:54 | [WARNING] | Shard 0 : Unhandled gateway event: VOICE_CHANNEL_STATUS_UPDATE
2024-12-25 15:46:12 | [INFO]    | Discordia 2.13.0
2024-12-25 15:46:12 | [INFO]    | Connecting to Discord...
2024-12-25 15:46:13 | [INFO]    | Authenticated as FSRP Managment bot#2478
2024-12-25 15:46:13 | [INFO]    | Launching shard 0 (1 out of 1)...
2024-12-25 15:46:13 | [INFO]    | Shard 0 : Connected to wss://gateway.discord.gg
2024-12-25 15:46:13 | [INFO]    | Shard 0 : Received HELLO
2024-12-25 15:46:13 | [INFO]    | Shard 0 : Received READY
2024-12-25 15:46:31 | [WARNING] | Shard 0 : Unhandled gateway event: VOICE_CHANNEL_STATUS_UPDATE
2024-12-27 18:04:18 | [INFO]    | Discordia 2.13.0
2024-12-27 18:04:18 | [INFO]    | Connecting to Discord...
2024-12-27 18:04:18 | [INFO]    | Authenticated as FSRP Managment bot#2478
2024-12-27 18:04:19 | [INFO]    | Launching shard 0 (1 out of 1)...
2024-12-27 18:04:19 | [INFO]    | Shard 0 : Connected to wss://gateway.discord.gg
2024-12-27 18:04:19 | [INFO]    | Shard 0 : Received HELLO
2024-12-27 18:04:19 | [INFO]    | Shard 0 : Received READY
2024-12-27 18:05:52 | [INFO]    | Discordia 2.13.0
2024-12-27 18:05:52 | [INFO]    | Connecting to Discord...
2024-12-27 18:05:52 | [INFO]    | Authenticated as FSRP Managment bot#2478
2024-12-27 18:05:52 | [INFO]    | Launching shard 0 (1 out of 1)...
2024-12-27 18:05:53 | [INFO]    | Shard 0 : Connected to wss://gateway.discord.gg
2024-12-27 18:05:53 | [INFO]    | Shard 0 : Received HELLO
2024-12-27 18:05:53 | [INFO]    | Shard 0 : Received READY
2024-12-27 18:10:32 | [INFO]    | Discordia 2.13.0
2024-12-27 18:10:32 | [INFO]    | Connecting to Discord...
2024-12-27 18:10:32 | [INFO]    | Authenticated as FSRP Managment bot#2478
2024-12-27 18:10:32 | [INFO]    | Launching shard 0 (1 out of 1)...
2024-12-27 18:10:32 | [INFO]    | Shard 0 : Connected to wss://gateway.discord.gg
2024-12-27 18:10:32 | [INFO]    | Shard 0 : Received HELLO
2024-12-27 18:10:33 | [INFO]    | Shard 0 : Received READY
2024-12-27 18:13:21 | [INFO]    | Discordia 2.13.0
2024-12-27 18:13:21 | [INFO]    | Connecting to Discord...
2024-12-27 18:13:21 | [INFO]    | Authenticated as FSRP Managment bot#2478
2024-12-27 18:13:21 | [INFO]    | Launching shard 0 (1 out of 1)...
2024-12-27 18:13:22 | [INFO]    | Shard 0 : Connected to wss://gateway.discord.gg
2024-12-27 18:13:22 | [INFO]    | Shard 0 : Received HELLO
2024-12-27 18:13:22 | [INFO]    | Shard 0 : Received READY
2024-12-27 18:22:40 | [INFO]    | Discordia 2.13.0
2024-12-27 18:22:40 | [INFO]    | Connecting to Discord...
2024-12-27 18:22:40 | [INFO]    | Authenticated as FSRP Managment bot#2478
2024-12-27 18:22:40 | [INFO]    | Launching shard 0 (1 out of 1)...
2024-12-27 18:22:40 | [INFO]    | Shard 0 : Connected to wss://gateway.discord.gg
2024-12-27 18:22:40 | [INFO]    | Shard 0 : Received HELLO
2024-12-27 18:22:40 | [INFO]    | Shard 0 : Received READY
2024-12-27 18:22:44 | [ERROR]   | 400 - Bad Request : POST https://discord.com/api/v8/channels/1300862191255158847/messages
2024-12-27 18:23:09 | [ERROR]   | 400 - Bad Request : POST https://discord.com/api/v8/channels/1300862191255158847/messages
2024-12-27 18:31:36 | [INFO]    | Discordia 2.13.0
2024-12-27 18:31:36 | [INFO]    | Connecting to Discord...
2024-12-27 18:31:36 | [INFO]    | Authenticated as FSRP Managment bot#2478
2024-12-27 18:31:36 | [INFO]    | Launching shard 0 (1 out of 1)...
2024-12-27 18:31:36 | [INFO]    | Shard 0 : Connected to wss://gateway.discord.gg
2024-12-27 18:31:36 | [INFO]    | Shard 0 : Received HELLO
2024-12-27 18:31:37 | [INFO]    | Shard 0 : Received READY
2024-12-27 18:31:42 | [ERROR]   | 400 - Bad Request : POST https://discord.com/api/v8/channels/1300862191255158847/messages
2024-12-27 18:33:30 | [ERROR]   | 400 - Bad Request : POST https://discord.com/api/v8/channels/1300862191255158847/messages
2024-12-27 18:36:15 | [INFO]    | Discordia 2.13.0
2024-12-27 18:36:15 | [INFO]    | Connecting to Discord...
2024-12-27 18:36:15 | [INFO]    | Authenticated as FSRP Managment bot#2478
2024-12-27 18:36:15 | [INFO]    | Launching shard 0 (1 out of 1)...
2024-12-27 18:36:15 | [INFO]    | Shard 0 : Connected to wss://gateway.discord.gg
2024-12-27 18:36:15 | [INFO]    | Shard 0 : Received HELLO
2024-12-27 18:36:15 | [INFO]    | Shard 0 : Received READY
2024-12-27 20:58:19 | [INFO]    | Discordia 2.13.0
2024-12-27 20:58:19 | [INFO]    | Connecting to Discord...
2024-12-27 20:58:20 | [INFO]    | Authenticated as FSRP Managment bot#2478
2024-12-27 20:58:20 | [INFO]    | Launching shard 0 (1 out of 1)...
2024-12-27 20:58:20 | [INFO]    | Shard 0 : Connected to wss://gateway.discord.gg
2024-12-27 20:58:20 | [INFO]    | Shard 0 : Received HELLO
2024-12-27 20:58:21 | [INFO]    | Shard 0 : Received READY
2024-12-27 21:07:16 | [INFO]    | Discordia 2.13.0
2024-12-27 21:07:16 | [INFO]    | Connecting to Discord...
2024-12-27 21:07:17 | [INFO]    | Authenticated as FSRP Managment bot#2478
2024-12-27 21:07:17 | [INFO]    | Launching shard 0 (1 out of 1)...
2024-12-27 21:07:17 | [INFO]    | Shard 0 : Connected to wss://gateway.discord.gg
2024-12-27 21:07:17 | [INFO]    | Shard 0 : Received HELLO
2024-12-27 21:07:17 | [INFO]    | Shard 0 : Received READY
2024-12-27 21:09:44 | [INFO]    | Discordia 2.13.0
2024-12-27 21:09:44 | [INFO]    | Connecting to Discord...
2024-12-27 21:09:45 | [INFO]    | Authenticated as FSRP Managment bot#2478
2024-12-27 21:09:45 | [INFO]    | Launching shard 0 (1 out of 1)...
2024-12-27 21:09:45 | [INFO]    | Shard 0 : Connected to wss://gateway.discord.gg
2024-12-27 21:09:45 | [INFO]    | Shard 0 : Received HELLO
2024-12-27 21:09:45 | [INFO]    | Shard 0 : Received READY
2024-12-27 21:11:34 | [INFO]    | Discordia 2.13.0
2024-12-27 21:11:34 | [INFO]    | Connecting to Discord...
2024-12-27 21:11:35 | [INFO]    | Authenticated as FSRP Managment bot#2478
2024-12-27 21:11:35 | [INFO]    | Launching shard 0 (1 out of 1)...
2024-12-27 21:11:35 | [INFO]    | Shard 0 : Connected to wss://gateway.discord.gg
2024-12-27 21:11:35 | [INFO]    | Shard 0 : Received HELLO
2024-12-27 21:11:35 | [INFO]    | Shard 0 : Received READY
2024-12-27 21:13:45 | [INFO]    | Discordia 2.13.0
2024-12-27 21:13:45 | [INFO]    | Connecting to Discord...
2024-12-27 21:13:45 | [INFO]    | Authenticated as FSRP Managment bot#2478
2024-12-27 21:13:45 | [INFO]    | Launching shard 0 (1 out of 1)...
2024-12-27 21:13:45 | [INFO]    | Shard 0 : Connected to wss://gateway.discord.gg
2024-12-27 21:13:45 | [INFO]    | Shard 0 : Received HELLO
2024-12-27 21:13:45 | [INFO]    | Shard 0 : Received READY
2024-12-27 21:21:07 | [INFO]    | Discordia 2.13.0
2024-12-27 21:21:07 | [INFO]    | Connecting to Discord...
2024-12-27 21:21:08 | [INFO]    | Authenticated as FSRP Managment bot#2478
2024-12-27 21:21:08 | [INFO]    | Launching shard 0 (1 out of 1)...
2024-12-27 21:21:08 | [INFO]    | Shard 0 : Connected to wss://gateway.discord.gg
2024-12-27 21:21:08 | [INFO]    | Shard 0 : Received HELLO
2024-12-27 21:21:08 | [INFO]    | Shard 0 : Received READY
2024-12-27 21:29:12 | [INFO]    | Discordia 2.13.0
2024-12-27 21:29:12 | [INFO]    | Connecting to Discord...
2024-12-27 21:29:12 | [INFO]    | Authenticated as FSRP Managment bot#2478
2024-12-27 21:29:12 | [INFO]    | Launching shard 0 (1 out of 1)...
2024-12-27 21:29:13 | [INFO]    | Shard 0 : Connected to wss://gateway.discord.gg
2024-12-27 21:29:13 | [INFO]    | Shard 0 : Received HELLO
2024-12-27 21:29:13 | [INFO]    | Shard 0 : Received READY
2024-12-27 21:29:29 | [INFO]    | Discordia 2.13.0
2024-12-27 21:29:29 | [INFO]    | Connecting to Discord...
2024-12-27 21:29:30 | [INFO]    | Authenticated as FSRP Managment bot#2478
2024-12-27 21:29:30 | [INFO]    | Launching shard 0 (1 out of 1)...
2024-12-27 21:29:30 | [INFO]    | Shard 0 : Connected to wss://gateway.discord.gg
2024-12-27 21:29:30 | [INFO]    | Shard 0 : Received HELLO
2024-12-27 21:29:30 | [INFO]    | Shard 0 : Received READY
2024-12-27 21:34:25 | [INFO]    | Discordia 2.13.0
2024-12-27 21:34:25 | [INFO]    | Connecting to Discord...
2024-12-27 21:34:25 | [INFO]    | Authenticated as FSRP Managment bot#2478
2024-12-27 21:34:25 | [INFO]    | Launching shard 0 (1 out of 1)...
2024-12-27 21:34:25 | [INFO]    | Shard 0 : Connected to wss://gateway.discord.gg
2024-12-27 21:34:25 | [INFO]    | Shard 0 : Received HELLO
2024-12-27 21:34:25 | [INFO]    | Shard 0 : Received READY
2024-12-27 21:35:46 | [INFO]    | Discordia 2.13.0
2024-12-27 21:35:46 | [INFO]    | Connecting to Discord...
2024-12-27 21:35:47 | [INFO]    | Authenticated as FSRP Managment bot#2478
2024-12-27 21:35:47 | [INFO]    | Launching shard 0 (1 out of 1)...
2024-12-27 21:35:47 | [INFO]    | Shard 0 : Connected to wss://gateway.discord.gg
2024-12-27 21:35:47 | [INFO]    | Shard 0 : Received HELLO
2024-12-27 21:35:47 | [INFO]    | Shard 0 : Received READY
2024-12-27 21:37:33 | [INFO]    | Discordia 2.13.0
2024-12-27 21:37:33 | [INFO]    | Connecting to Discord...
2024-12-27 21:37:33 | [INFO]    | Authenticated as FSRP Managment bot#2478
2024-12-27 21:37:33 | [INFO]    | Launching shard 0 (1 out of 1)...
2024-12-27 21:37:34 | [INFO]    | Shard 0 : Connected to wss://gateway.discord.gg
2024-12-27 21:37:34 | [INFO]    | Shard 0 : Received HELLO
2024-12-27 21:37:34 | [INFO]    | Shard 0 : Received READY
2024-12-27 21:50:49 | [INFO]    | Discordia 2.13.0
2024-12-27 21:50:49 | [INFO]    | Connecting to Discord...
2024-12-27 21:50:50 | [INFO]    | Authenticated as FSRP Managment bot#2478
2024-12-27 21:50:50 | [INFO]    | Launching shard 0 (1 out of 1)...
2024-12-27 21:50:50 | [INFO]    | Shard 0 : Connected to wss://gateway.discord.gg
2024-12-27 21:50:50 | [INFO]    | Shard 0 : Received HELLO
2024-12-27 21:50:50 | [INFO]    | Shard 0 : Received READY
2024-12-27 23:41:19 | [INFO]    | Discordia 2.13.0
2024-12-27 23:41:19 | [INFO]    | Connecting to Discord...
2024-12-27 23:41:20 | [INFO]    | Authenticated as FSRP Managment bot#2478
2024-12-27 23:41:20 | [INFO]    | Launching shard 0 (1 out of 1)...
2024-12-27 23:41:20 | [INFO]    | Shard 0 : Connected to wss://gateway.discord.gg
2024-12-27 23:41:20 | [INFO]    | Shard 0 : Received HELLO
2024-12-27 23:41:20 | [INFO]    | Shard 0 : Received READY
2024-12-27 23:43:51 | [INFO]    | Discordia 2.13.0
2024-12-27 23:43:51 | [INFO]    | Connecting to Discord...
2024-12-27 23:43:52 | [INFO]    | Authenticated as FSRP Managment bot#2478
2024-12-27 23:43:52 | [INFO]    | Launching shard 0 (1 out of 1)...
2024-12-27 23:43:52 | [INFO]    | Shard 0 : Connected to wss://gateway.discord.gg
2024-12-27 23:43:52 | [INFO]    | Shard 0 : Received HELLO
2024-12-27 23:43:52 | [INFO]    | Shard 0 : Received READY
2024-12-27 23:44:32 | [INFO]    | Discordia 2.13.0
2024-12-27 23:44:32 | [INFO]    | Connecting to Discord...
2024-12-27 23:44:33 | [INFO]    | Authenticated as FSRP Managment bot#2478
2024-12-27 23:44:33 | [INFO]    | Launching shard 0 (1 out of 1)...
2024-12-27 23:44:33 | [INFO]    | Shard 0 : Connected to wss://gateway.discord.gg
2024-12-27 23:44:33 | [INFO]    | Shard 0 : Received HELLO
2024-12-27 23:44:33 | [INFO]    | Shard 0 : Received READY
2024-12-28 10:52:33 | [INFO]    | Discordia 2.13.0
2024-12-28 10:52:33 | [INFO]    | Connecting to Discord...
2024-12-28 10:52:33 | [INFO]    | Authenticated as FSRP Managment bot#2478
2024-12-28 10:52:34 | [INFO]    | Launching shard 0 (1 out of 1)...
2024-12-28 10:52:34 | [INFO]    | Shard 0 : Connected to wss://gateway.discord.gg
2024-12-28 10:52:34 | [INFO]    | Shard 0 : Received HELLO
2024-12-28 10:52:34 | [INFO]    | Shard 0 : Received READY
2024-12-28 13:22:51 | [INFO]    | Discordia 2.13.0
2024-12-28 13:22:51 | [INFO]    | Connecting to Discord...
2024-12-28 13:22:51 | [INFO]    | Authenticated as FSRP Managment bot#2478
2024-12-28 13:22:52 | [INFO]    | Launching shard 0 (1 out of 1)...
2024-12-28 13:22:52 | [INFO]    | Shard 0 : Connected to wss://gateway.discord.gg
2024-12-28 13:22:52 | [INFO]    | Shard 0 : Received HELLO
2024-12-28 13:22:52 | [INFO]    | Shard 0 : Received READY
2024-12-28 13:24:27 | [INFO]    | Discordia 2.13.0
2024-12-28 13:24:27 | [INFO]    | Connecting to Discord...
2024-12-28 13:24:27 | [INFO]    | Authenticated as FSRP Managment bot#2478
2024-12-28 13:24:27 | [INFO]    | Launching shard 0 (1 out of 1)...
2024-12-28 13:24:27 | [INFO]    | Shard 0 : Connected to wss://gateway.discord.gg
2024-12-28 13:24:27 | [INFO]    | Shard 0 : Received HELLO
2024-12-28 13:24:27 | [INFO]    | Shard 0 : Received READY
2024-12-28 13:25:35 | [INFO]    | Discordia 2.13.0
2024-12-28 13:25:35 | [INFO]    | Connecting to Discord...
2024-12-28 13:25:35 | [INFO]    | Authenticated as FSRP Managment bot#2478
2024-12-28 13:25:35 | [INFO]    | Launching shard 0 (1 out of 1)...
2024-12-28 13:25:35 | [INFO]    | Shard 0 : Connected to wss://gateway.discord.gg
2024-12-28 13:25:35 | [INFO]    | Shard 0 : Received HELLO
2024-12-28 13:25:36 | [INFO]    | Shard 0 : Received READY
2024-12-28 13:30:00 | [INFO]    | Discordia 2.13.0
2024-12-28 13:30:00 | [INFO]    | Connecting to Discord...
2024-12-28 13:30:00 | [INFO]    | Authenticated as FSRP Managment bot#2478
2024-12-28 13:30:00 | [INFO]    | Launching shard 0 (1 out of 1)...
2024-12-28 13:30:00 | [INFO]    | Shard 0 : Connected to wss://gateway.discord.gg
2024-12-28 13:30:00 | [INFO]    | Shard 0 : Received HELLO
2024-12-28 13:30:01 | [INFO]    | Shard 0 : Received READY
2024-12-28 13:30:58 | [INFO]    | Discordia 2.13.0
2024-12-28 13:30:58 | [INFO]    | Connecting to Discord...
2024-12-28 13:30:58 | [INFO]    | Authenticated as FSRP Managment bot#2478
2024-12-28 13:30:58 | [INFO]    | Launching shard 0 (1 out of 1)...
2024-12-28 13:30:59 | [INFO]    | Shard 0 : Connected to wss://gateway.discord.gg
2024-12-28 13:30:59 | [INFO]    | Shard 0 : Received HELLO
2024-12-28 13:30:59 | [INFO]    | Shard 0 : Received READY
2024-12-28 13:35:53 | [INFO]    | Discordia 2.13.0
2024-12-28 13:35:53 | [INFO]    | Connecting to Discord...
2024-12-28 13:35:53 | [INFO]    | Authenticated as FSRP Managment bot#2478
2024-12-28 13:35:53 | [INFO]    | Launching shard 0 (1 out of 1)...
2024-12-28 13:35:53 | [INFO]    | Shard 0 : Connected to wss://gateway.discord.gg
2024-12-28 13:35:53 | [INFO]    | Shard 0 : Received HELLO
2024-12-28 13:35:54 | [INFO]    | Shard 0 : Received READY
2024-12-29 15:43:00 | [INFO]    | Discordia 2.13.0
2024-12-29 15:43:00 | [INFO]    | Connecting to Discord...
2024-12-29 15:43:00 | [INFO]    | Authenticated as FSRP Managment bot#2478
2024-12-29 15:43:01 | [INFO]    | Launching shard 0 (1 out of 1)...
2024-12-29 15:43:01 | [INFO]    | Shard 0 : Connected to wss://gateway.discord.gg
2024-12-29 15:43:01 | [INFO]    | Shard 0 : Received HELLO
2024-12-29 15:43:01 | [INFO]    | Shard 0 : Received READY
2024-12-30 17:16:47 | [INFO]    | Discordia 2.13.0
2024-12-30 17:16:47 | [INFO]    | Connecting to Discord...
2024-12-30 17:16:48 | [INFO]    | Authenticated as FSRP Managment bot#2478
2024-12-30 17:16:48 | [INFO]    | Launching shard 0 (1 out of 1)...
2024-12-30 17:16:48 | [INFO]    | Shard 0 : Connected to wss://gateway.discord.gg
2024-12-30 17:16:48 | [INFO]    | Shard 0 : Received HELLO
2024-12-30 17:16:49 | [INFO]    | Shard 0 : Received READY
2024-12-30 17:19:56 | [INFO]    | Discordia 2.13.0
2024-12-30 17:19:56 | [INFO]    | Connecting to Discord...
2024-12-30 17:19:56 | [INFO]    | Authenticated as FSRP Managment bot#2478
2024-12-30 17:19:56 | [INFO]    | Launching shard 0 (1 out of 1)...
2024-12-30 17:19:56 | [INFO]    | Shard 0 : Connected to wss://gateway.discord.gg
2024-12-30 17:19:56 | [INFO]    | Shard 0 : Received HELLO
2024-12-30 17:19:57 | [INFO]    | Shard 0 : Received READY
2024-12-30 18:41:50 | [INFO]    | Discordia 2.13.0
2024-12-30 18:41:50 | [INFO]    | Connecting to Discord...
2024-12-30 18:41:50 | [INFO]    | Authenticated as FSRP Managment bot#2478
2024-12-30 18:41:51 | [INFO]    | Launching shard 0 (1 out of 1)...
2024-12-30 18:41:51 | [INFO]    | Shard 0 : Connected to wss://gateway.discord.gg
2024-12-30 18:41:51 | [INFO]    | Shard 0 : Received HELLO
2024-12-30 18:41:52 | [INFO]    | Shard 0 : Received READY
2024-12-30 18:44:09 | [INFO]    | Discordia 2.13.0
2024-12-30 18:44:09 | [INFO]    | Connecting to Discord...
2024-12-30 18:44:10 | [INFO]    | Authenticated as FSRP Managment bot#2478
2024-12-30 18:44:10 | [INFO]    | Launching shard 0 (1 out of 1)...
2024-12-30 18:44:10 | [INFO]    | Shard 0 : Connected to wss://gateway.discord.gg
2024-12-30 18:44:10 | [INFO]    | Shard 0 : Received HELLO
2024-12-30 18:44:10 | [INFO]    | Shard 0 : Received READY
2024-12-30 18:48:07 | [INFO]    | Discordia 2.13.0
2024-12-30 18:48:07 | [INFO]    | Connecting to Discord...
2024-12-30 18:48:07 | [INFO]    | Authenticated as FSRP Managment bot#2478
2024-12-30 18:48:07 | [INFO]    | Launching shard 0 (1 out of 1)...
2024-12-30 18:48:07 | [INFO]    | Shard 0 : Connected to wss://gateway.discord.gg
2024-12-30 18:48:07 | [INFO]    | Shard 0 : Received HELLO
2024-12-30 18:48:07 | [INFO]    | Shard 0 : Received READY
2024-12-30 20:52:44 | [INFO]    | Discordia 2.13.0
2024-12-30 20:52:44 | [INFO]    | Connecting to Discord...
2024-12-30 20:52:44 | [ERROR]   | 401 - Unauthorized : GET https://discord.com/api/v8/users/@me
2024-12-30 20:52:44 | [ERROR]   | Could not authenticate, check token: HTTP Error 0 : 401: Unauthorized
2024-12-30 20:53:54 | [INFO]    | Discordia 2.13.0
2024-12-30 20:53:54 | [INFO]    | Connecting to Discord...
2024-12-30 20:53:54 | [INFO]    | Authenticated as FSRP Managment bot#2478
2024-12-30 20:53:55 | [INFO]    | Launching shard 0 (1 out of 1)...
2024-12-30 20:53:55 | [INFO]    | Shard 0 : Connected to wss://gateway.discord.gg
2024-12-30 20:53:55 | [INFO]    | Shard 0 : Received HELLO
2024-12-30 20:53:55 | [INFO]    | Shard 0 : Received READY
2024-12-30 20:58:01 | [INFO]    | Discordia 2.13.0
2024-12-30 20:58:01 | [INFO]    | Connecting to Discord...
2024-12-30 20:58:01 | [INFO]    | Authenticated as FSRP Managment bot#2478
2024-12-30 20:58:01 | [INFO]    | Launching shard 0 (1 out of 1)...
2024-12-30 20:58:01 | [INFO]    | Shard 0 : Connected to wss://gateway.discord.gg
2024-12-30 20:58:01 | [INFO]    | Shard 0 : Received HELLO
2024-12-30 20:58:01 | [INFO]    | Shard 0 : Received READY
2024-12-30 21:00:01 | [INFO]    | Discordia 2.13.0
2024-12-30 21:00:01 | [INFO]    | Connecting to Discord...
2024-12-30 21:00:01 | [INFO]    | Authenticated as FSRP Managment bot#2478
2024-12-30 21:00:01 | [INFO]    | Launching shard 0 (1 out of 1)...
2024-12-30 21:00:01 | [INFO]    | Shard 0 : Connected to wss://gateway.discord.gg
2024-12-30 21:00:01 | [INFO]    | Shard 0 : Received HELLO
2024-12-30 21:00:02 | [INFO]    | Shard 0 : Received READY
2024-12-30 21:24:29 | [INFO]    | Discordia 2.13.0
2024-12-30 21:24:29 | [INFO]    | Connecting to Discord...
2024-12-30 21:24:29 | [INFO]    | Authenticated as FSRP Managment bot#2478
2024-12-30 21:24:29 | [INFO]    | Launching shard 0 (1 out of 1)...
2024-12-30 21:24:29 | [INFO]    | Shard 0 : Connected to wss://gateway.discord.gg
2024-12-30 21:24:29 | [INFO]    | Shard 0 : Received HELLO
2024-12-30 21:24:29 | [INFO]    | Shard 0 : Received READY
2024-12-30 21:25:06 | [INFO]    | Discordia 2.13.0
2024-12-30 21:25:06 | [INFO]    | Connecting to Discord...
2024-12-30 21:25:07 | [INFO]    | Authenticated as FSRP Managment bot#2478
2024-12-30 21:25:07 | [INFO]    | Launching shard 0 (1 out of 1)...
2024-12-30 21:25:07 | [INFO]    | Shard 0 : Connected to wss://gateway.discord.gg
2024-12-30 21:25:07 | [INFO]    | Shard 0 : Received HELLO
2024-12-30 21:25:07 | [INFO]    | Shard 0 : Received READY
2024-12-30 22:57:05 | [INFO]    | Discordia 2.13.0
2024-12-30 22:57:05 | [INFO]    | Connecting to Discord...
2024-12-30 22:57:05 | [INFO]    | Authenticated as FSRP Managment bot#2478
2024-12-30 22:57:06 | [INFO]    | Launching shard 0 (1 out of 1)...
2024-12-30 22:57:06 | [INFO]    | Shard 0 : Connected to wss://gateway.discord.gg
2024-12-30 22:57:06 | [INFO]    | Shard 0 : Received HELLO
2024-12-30 22:57:06 | [INFO]    | Shard 0 : Received READY
2024-12-31 11:32:44 | [INFO]    | Discordia 2.13.0
2024-12-31 11:32:44 | [INFO]    | Connecting to Discord...
2024-12-31 11:32:45 | [INFO]    | Authenticated as FSRP Managment bot#2478
2024-12-31 11:32:45 | [INFO]    | Launching shard 0 (1 out of 1)...
2024-12-31 11:32:45 | [INFO]    | Shard 0 : Connected to wss://gateway.discord.gg
2024-12-31 11:32:45 | [INFO]    | Shard 0 : Received HELLO
2024-12-31 11:32:46 | [INFO]    | Shard 0 : Received READY
2024-12-31 11:46:05 | [INFO]    | Discordia 2.13.0
2024-12-31 11:46:05 | [INFO]    | Connecting to Discord...
2024-12-31 11:46:05 | [INFO]    | Authenticated as FSRP Managment bot#2478
2024-12-31 11:46:05 | [INFO]    | Launching shard 0 (1 out of 1)...
2024-12-31 11:46:05 | [INFO]    | Shard 0 : Connected to wss://gateway.discord.gg
2024-12-31 11:46:05 | [INFO]    | Shard 0 : Received HELLO
2024-12-31 11:46:06 | [INFO]    | Shard 0 : Received READY
2024-12-31 13:45:21 | [INFO]    | Discordia 2.13.0
2024-12-31 13:45:21 | [INFO]    | Connecting to Discord...
2024-12-31 13:45:21 | [INFO]    | Authenticated as FSRP Managment bot#2478
2024-12-31 13:45:22 | [INFO]    | Launching shard 0 (1 out of 1)...
2024-12-31 13:45:22 | [INFO]    | Shard 0 : Connected to wss://gateway.discord.gg
2024-12-31 13:45:22 | [INFO]    | Shard 0 : Received HELLO
2024-12-31 13:45:22 | [INFO]    | Shard 0 : Received READY
2024-12-31 14:04:02 | [INFO]    | Discordia 2.13.0
2024-12-31 14:04:02 | [INFO]    | Connecting to Discord...
2024-12-31 14:04:02 | [INFO]    | Authenticated as FSRP Managment bot#2478
2024-12-31 14:04:02 | [INFO]    | Launching shard 0 (1 out of 1)...
2024-12-31 14:04:02 | [INFO]    | Shard 0 : Connected to wss://gateway.discord.gg
2024-12-31 14:04:02 | [INFO]    | Shard 0 : Received HELLO
2024-12-31 14:04:02 | [INFO]    | Shard 0 : Received READY
2024-12-31 14:11:26 | [INFO]    | Discordia 2.13.0
2024-12-31 14:11:26 | [INFO]    | Connecting to Discord...
2024-12-31 14:11:26 | [INFO]    | Authenticated as FSRP Managment bot#2478
2024-12-31 14:11:26 | [INFO]    | Launching shard 0 (1 out of 1)...
2024-12-31 14:11:27 | [INFO]    | Shard 0 : Connected to wss://gateway.discord.gg
2024-12-31 14:11:27 | [INFO]    | Shard 0 : Received HELLO
2024-12-31 14:11:27 | [INFO]    | Shard 0 : Received READY
2024-12-31 14:12:16 | [INFO]    | Discordia 2.13.0
2024-12-31 14:12:16 | [INFO]    | Connecting to Discord...
2024-12-31 14:12:17 | [INFO]    | Authenticated as FSRP Managment bot#2478
2024-12-31 14:12:17 | [INFO]    | Launching shard 0 (1 out of 1)...
2024-12-31 14:12:17 | [INFO]    | Shard 0 : Connected to wss://gateway.discord.gg
2024-12-31 14:12:17 | [INFO]    | Shard 0 : Received HELLO
2024-12-31 14:12:17 | [INFO]    | Shard 0 : Received READY
2024-12-31 20:52:08 | [INFO]    | Discordia 2.13.0
2024-12-31 20:52:08 | [INFO]    | Connecting to Discord...
2024-12-31 20:52:08 | [INFO]    | Authenticated as FSRP Managment bot#2478
2024-12-31 20:52:09 | [INFO]    | Launching shard 0 (1 out of 1)...
2024-12-31 20:52:09 | [INFO]    | Shard 0 : Connected to wss://gateway.discord.gg
2024-12-31 20:52:09 | [INFO]    | Shard 0 : Received HELLO
2024-12-31 20:52:09 | [INFO]    | Shard 0 : Received READY
2024-12-31 21:03:12 | [INFO]    | Discordia 2.13.0
2024-12-31 21:03:12 | [INFO]    | Connecting to Discord...
2024-12-31 21:03:13 | [INFO]    | Authenticated as FSRP Managment bot#2478
2024-12-31 21:03:13 | [INFO]    | Launching shard 0 (1 out of 1)...
2024-12-31 21:03:13 | [INFO]    | Shard 0 : Connected to wss://gateway.discord.gg
2024-12-31 21:03:13 | [INFO]    | Shard 0 : Received HELLO
2024-12-31 21:03:13 | [INFO]    | Shard 0 : Received READY
2025-01-01 15:13:14 | [INFO]    | Discordia 2.13.0
2025-01-01 15:13:14 | [INFO]    | Connecting to Discord...
2025-01-01 15:13:15 | [INFO]    | Authenticated as FSRP Managment bot#2478
2025-01-01 15:13:15 | [INFO]    | Launching shard 0 (1 out of 1)...
2025-01-01 15:13:15 | [INFO]    | Shard 0 : Connected to wss://gateway.discord.gg
2025-01-01 15:13:15 | [INFO]    | Shard 0 : Received HELLO
2025-01-01 15:13:16 | [INFO]    | Shard 0 : Received READY
2025-01-03 17:06:32 | [INFO]    | Discordia 2.13.0
2025-01-03 17:06:32 | [INFO]    | Connecting to Discord...
2025-01-03 17:06:33 | [INFO]    | Authenticated as FSRP Managment bot#2478
2025-01-03 17:06:33 | [INFO]    | Launching shard 0 (1 out of 1)...
2025-01-03 17:06:34 | [INFO]    | Shard 0 : Connected to wss://gateway.discord.gg
2025-01-03 17:06:34 | [INFO]    | Shard 0 : Received HELLO
2025-01-03 17:06:34 | [INFO]    | Shard 0 : Received READY
2025-01-03 17:07:56 | [INFO]    | Discordia 2.13.0
2025-01-03 17:07:56 | [INFO]    | Connecting to Discord...
2025-01-03 17:07:56 | [INFO]    | Authenticated as FSRP Managment bot#2478
2025-01-03 17:07:56 | [INFO]    | Launching shard 0 (1 out of 1)...
2025-01-03 17:07:56 | [INFO]    | Shard 0 : Connected to wss://gateway.discord.gg
2025-01-03 17:07:56 | [INFO]    | Shard 0 : Received HELLO
2025-01-03 17:07:57 | [INFO]    | Shard 0 : Received READY
2025-01-03 17:30:46 | [INFO]    | Discordia 2.13.0
2025-01-03 17:30:46 | [INFO]    | Connecting to Discord...
2025-01-03 17:30:46 | [INFO]    | Authenticated as FSRP Managment bot#2478
2025-01-03 17:30:46 | [INFO]    | Launching shard 0 (1 out of 1)...
2025-01-03 17:30:46 | [INFO]    | Shard 0 : Connected to wss://gateway.discord.gg
2025-01-03 17:30:46 | [INFO]    | Shard 0 : Received HELLO
2025-01-03 17:30:46 | [INFO]    | Shard 0 : Received READY
2025-01-03 17:32:39 | [INFO]    | Discordia 2.13.0
2025-01-03 17:32:39 | [INFO]    | Connecting to Discord...
2025-01-03 17:32:40 | [INFO]    | Authenticated as FSRP Managment bot#2478
2025-01-03 17:32:40 | [INFO]    | Launching shard 0 (1 out of 1)...
2025-01-03 17:32:40 | [INFO]    | Shard 0 : Connected to wss://gateway.discord.gg
2025-01-03 17:32:40 | [INFO]    | Shard 0 : Received HELLO
2025-01-03 17:32:40 | [INFO]    | Shard 0 : Received READY
2025-01-03 17:40:07 | [INFO]    | Discordia 2.13.0
2025-01-03 17:40:07 | [INFO]    | Connecting to Discord...
2025-01-03 17:40:07 | [INFO]    | Authenticated as FSRP Managment bot#2478
2025-01-03 17:40:07 | [INFO]    | Launching shard 0 (1 out of 1)...
2025-01-03 17:40:08 | [INFO]    | Shard 0 : Connected to wss://gateway.discord.gg
2025-01-03 17:40:08 | [INFO]    | Shard 0 : Received HELLO
2025-01-03 17:40:08 | [INFO]    | Shard 0 : Received READY
2025-01-03 17:41:08 | [INFO]    | Discordia 2.13.0
2025-01-03 17:41:08 | [INFO]    | Connecting to Discord...
2025-01-03 17:41:08 | [INFO]    | Authenticated as FSRP Managment bot#2478
2025-01-03 17:41:08 | [INFO]    | Launching shard 0 (1 out of 1)...
2025-01-03 17:41:08 | [INFO]    | Shard 0 : Connected to wss://gateway.discord.gg
2025-01-03 17:41:08 | [INFO]    | Shard 0 : Received HELLO
2025-01-03 17:41:08 | [INFO]    | Shard 0 : Received READY
2025-01-04 22:50:40 | [INFO]    | Discordia 2.13.0
2025-01-04 22:50:40 | [INFO]    | Connecting to Discord...
2025-01-04 22:50:41 | [INFO]    | Authenticated as FSRP Managment bot#2478
2025-01-04 22:50:42 | [INFO]    | Launching shard 0 (1 out of 1)...
2025-01-04 22:50:43 | [INFO]    | Shard 0 : Connected to wss://gateway.discord.gg
2025-01-04 22:50:43 | [INFO]    | Shard 0 : Received HELLO
2025-01-04 22:50:43 | [INFO]    | Shard 0 : Received READY
2025-01-05 20:05:16 | [INFO]    | Discordia 2.13.0
2025-01-05 20:05:16 | [INFO]    | Connecting to Discord...
2025-01-05 20:05:16 | [INFO]    | Authenticated as FSRP Managment bot#2478
2025-01-05 20:05:17 | [INFO]    | Launching shard 0 (1 out of 1)...
2025-01-05 20:05:17 | [INFO]    | Shard 0 : Connected to wss://gateway.discord.gg
2025-01-05 20:05:17 | [INFO]    | Shard 0 : Received HELLO
2025-01-05 20:05:17 | [INFO]    | Shard 0 : Received READY
2025-01-05 20:07:29 | [INFO]    | Discordia 2.13.0
2025-01-05 20:07:29 | [INFO]    | Connecting to Discord...
2025-01-05 20:07:29 | [INFO]    | Authenticated as FSRP Managment bot#2478
2025-01-05 20:07:29 | [INFO]    | Launching shard 0 (1 out of 1)...
2025-01-05 20:07:29 | [INFO]    | Shard 0 : Connected to wss://gateway.discord.gg
2025-01-05 20:07:29 | [INFO]    | Shard 0 : Received HELLO
2025-01-05 20:07:29 | [INFO]    | Shard 0 : Received READY
2025-01-05 20:08:06 | [INFO]    | Discordia 2.13.0
2025-01-05 20:08:06 | [INFO]    | Connecting to Discord...
2025-01-05 20:08:06 | [INFO]    | Authenticated as FSRP Managment bot#2478
2025-01-05 20:08:06 | [INFO]    | Launching shard 0 (1 out of 1)...
2025-01-05 20:08:07 | [INFO]    | Shard 0 : Connected to wss://gateway.discord.gg
2025-01-05 20:08:07 | [INFO]    | Shard 0 : Received HELLO
2025-01-05 20:08:07 | [INFO]    | Shard 0 : Received READY
2025-01-05 20:08:48 | [INFO]    | Discordia 2.13.0
2025-01-05 20:08:48 | [INFO]    | Connecting to Discord...
2025-01-05 20:08:48 | [INFO]    | Authenticated as FSRP Managment bot#2478
2025-01-05 20:08:48 | [INFO]    | Launching shard 0 (1 out of 1)...
2025-01-05 20:08:48 | [INFO]    | Shard 0 : Connected to wss://gateway.discord.gg
2025-01-05 20:08:48 | [INFO]    | Shard 0 : Received HELLO
2025-01-05 20:08:49 | [INFO]    | Shard 0 : Received READY
2025-01-05 20:22:33 | [INFO]    | Discordia 2.13.0
2025-01-05 20:22:33 | [INFO]    | Connecting to Discord...
2025-01-05 20:22:34 | [INFO]    | Authenticated as FSRP Managment bot#2478
2025-01-05 20:22:34 | [INFO]    | Launching shard 0 (1 out of 1)...
2025-01-05 20:22:34 | [INFO]    | Shard 0 : Connected to wss://gateway.discord.gg
2025-01-05 20:22:34 | [INFO]    | Shard 0 : Received HELLO
2025-01-05 20:22:34 | [INFO]    | Shard 0 : Received READY
2025-01-05 20:29:13 | [INFO]    | Discordia 2.13.0
2025-01-05 20:29:13 | [INFO]    | Connecting to Discord...
2025-01-05 20:29:14 | [INFO]    | Authenticated as FSRP Managment bot#2478
2025-01-05 20:29:14 | [INFO]    | Launching shard 0 (1 out of 1)...
2025-01-05 20:29:14 | [INFO]    | Shard 0 : Connected to wss://gateway.discord.gg
2025-01-05 20:29:14 | [INFO]    | Shard 0 : Received HELLO
2025-01-05 20:29:14 | [INFO]    | Shard 0 : Received READY
2025-01-07 15:01:49 | [INFO]    | Discordia 2.13.0
2025-01-07 15:01:49 | [INFO]    | Connecting to Discord...
2025-01-07 15:01:49 | [INFO]    | Authenticated as FSRP Managment bot#2478
2025-01-07 15:01:50 | [INFO]    | Launching shard 0 (1 out of 1)...
2025-01-07 15:01:50 | [INFO]    | Shard 0 : Connected to wss://gateway.discord.gg
2025-01-07 15:01:50 | [INFO]    | Shard 0 : Received HELLO
2025-01-07 15:01:50 | [INFO]    | Shard 0 : Received READY
2025-01-07 15:03:58 | [INFO]    | Discordia 2.13.0
2025-01-07 15:03:58 | [INFO]    | Connecting to Discord...
2025-01-07 15:03:58 | [INFO]    | Authenticated as FSRP Managment bot#2478
2025-01-07 15:03:58 | [INFO]    | Launching shard 0 (1 out of 1)...
2025-01-07 15:03:58 | [INFO]    | Shard 0 : Connected to wss://gateway.discord.gg
2025-01-07 15:03:58 | [INFO]    | Shard 0 : Received HELLO
2025-01-07 15:03:58 | [INFO]    | Shard 0 : Received READY
2025-01-07 15:12:11 | [INFO]    | Discordia 2.13.0
2025-01-07 15:12:11 | [INFO]    | Connecting to Discord...
2025-01-07 15:12:11 | [INFO]    | Authenticated as FSRP Managment bot#2478
2025-01-07 15:12:11 | [INFO]    | Launching shard 0 (1 out of 1)...
2025-01-07 15:12:11 | [INFO]    | Shard 0 : Connected to wss://gateway.discord.gg
2025-01-07 15:12:11 | [INFO]    | Shard 0 : Received HELLO
2025-01-07 15:12:12 | [INFO]    | Shard 0 : Received READY
2025-01-07 15:15:48 | [INFO]    | Discordia 2.13.0
2025-01-07 15:15:48 | [INFO]    | Connecting to Discord...
2025-01-07 15:15:48 | [INFO]    | Authenticated as FSRP Managment bot#2478
2025-01-07 15:15:48 | [INFO]    | Launching shard 0 (1 out of 1)...
2025-01-07 15:15:48 | [INFO]    | Shard 0 : Connected to wss://gateway.discord.gg
2025-01-07 15:15:48 | [INFO]    | Shard 0 : Received HELLO
2025-01-07 15:15:48 | [INFO]    | Shard 0 : Received READY
2025-01-07 15:16:18 | [INFO]    | Discordia 2.13.0
2025-01-07 15:16:18 | [INFO]    | Connecting to Discord...
2025-01-07 15:16:18 | [INFO]    | Authenticated as FSRP Managment bot#2478
2025-01-07 15:16:18 | [INFO]    | Launching shard 0 (1 out of 1)...
2025-01-07 15:16:19 | [INFO]    | Shard 0 : Connected to wss://gateway.discord.gg
2025-01-07 15:16:19 | [INFO]    | Shard 0 : Received HELLO
2025-01-07 15:16:19 | [INFO]    | Shard 0 : Received READY
2025-01-07 15:18:47 | [INFO]    | Discordia 2.13.0
2025-01-07 15:18:47 | [INFO]    | Connecting to Discord...
2025-01-07 15:18:48 | [INFO]    | Authenticated as FSRP Managment bot#2478
2025-01-07 15:18:48 | [INFO]    | Launching shard 0 (1 out of 1)...
2025-01-07 15:18:48 | [INFO]    | Shard 0 : Connected to wss://gateway.discord.gg
2025-01-07 15:18:48 | [INFO]    | Shard 0 : Received HELLO
2025-01-07 15:18:48 | [INFO]    | Shard 0 : Received READY
2025-01-07 15:30:03 | [INFO]    | Discordia 2.13.0
2025-01-07 15:30:03 | [INFO]    | Connecting to Discord...
2025-01-07 15:30:04 | [INFO]    | Authenticated as FSRP Managment bot#2478
2025-01-07 15:30:04 | [INFO]    | Launching shard 0 (1 out of 1)...
2025-01-07 15:30:04 | [INFO]    | Shard 0 : Connected to wss://gateway.discord.gg
2025-01-07 15:30:04 | [INFO]    | Shard 0 : Received HELLO
2025-01-07 15:30:04 | [INFO]    | Shard 0 : Received READY
2025-01-07 15:30:09 | [ERROR]   | 400 - Bad Request : PUT https://discord.com/api/v8/channels/1300862251892478012/messages/1326196180094423091/reactions/%3Apwis%3A/@me
2025-01-07 15:30:28 | [ERROR]   | 400 - Bad Request : PUT https://discord.com/api/v8/channels/1300862251892478012/messages/1326196261069656167/reactions/%3Apwis%3A/@me
2025-01-07 15:30:30 | [ERROR]   | 400 - Bad Request : PUT https://discord.com/api/v8/channels/1300862251892478012/messages/1326196268791238698/reactions/%3Apwis%3A/@me
2025-01-07 15:30:30 | [ERROR]   | 400 - Bad Request : PUT https://discord.com/api/v8/channels/1300862251892478012/messages/1326196268791238698/reactions/%3C%3Apwis%3A1311351064506798223%3E%20/@me
2025-01-07 15:30:32 | [ERROR]   | 400 - Bad Request : PUT https://discord.com/api/v8/channels/1300862251892478012/messages/1326196278677213254/reactions/%3Apwis%3A/@me
2025-01-07 15:30:33 | [ERROR]   | 400 - Bad Request : PUT https://discord.com/api/v8/channels/1300862251892478012/messages/1326196278677213254/reactions/%3C%3Apwis%3A1311351064506798223%3E%20/@me
2025-01-07 15:30:33 | [ERROR]   | 400 - Bad Request : PUT https://discord.com/api/v8/channels/1300862251892478012/messages/1326196280879480883/reactions/%3Apwis%3A/@me
2025-01-07 15:30:34 | [ERROR]   | 400 - Bad Request : PUT https://discord.com/api/v8/channels/1300862251892478012/messages/1326196280879480883/reactions/%3C%3Apwis%3A1311351064506798223%3E%20/@me
2025-01-07 15:30:35 | [ERROR]   | 400 - Bad Request : PUT https://discord.com/api/v8/channels/1300862251892478012/messages/1326196289523683408/reactions/%3Apwis%3A/@me
2025-01-07 15:30:35 | [ERROR]   | 400 - Bad Request : PUT https://discord.com/api/v8/channels/1300862251892478012/messages/1326196289523683408/reactions/%3C%3Apwis%3A1311351064506798223%3E%20/@me
2025-01-07 15:30:46 | [ERROR]   | 400 - Bad Request : PUT https://discord.com/api/v8/channels/1300862251892478012/messages/1326196336751804476/reactions/%3Apwis%3A/@me
2025-01-07 15:30:47 | [ERROR]   | 400 - Bad Request : PUT https://discord.com/api/v8/channels/1300862251892478012/messages/1326196336751804476/reactions/%3C%3Apwis%3A1311351064506798223%3E%20/@me
2025-01-07 15:30:47 | [ERROR]   | 400 - Bad Request : PUT https://discord.com/api/v8/channels/1300862251892478012/messages/1326196340388135016/reactions/%3Apwis%3A/@me
2025-01-07 15:30:48 | [ERROR]   | 400 - Bad Request : PUT https://discord.com/api/v8/channels/1300862251892478012/messages/1326196340388135016/reactions/%3C%3Apwis%3A1311351064506798223%3E%20/@me
2025-01-07 15:30:48 | [ERROR]   | 400 - Bad Request : PUT https://discord.com/api/v8/channels/1300862251892478012/messages/1326196345647927337/reactions/%3Apwis%3A/@me
2025-01-07 15:30:49 | [ERROR]   | 400 - Bad Request : PUT https://discord.com/api/v8/channels/1300862251892478012/messages/1326196345647927337/reactions/%3C%3Apwis%3A1311351064506798223%3E%20/@me
2025-01-07 15:30:57 | [ERROR]   | 400 - Bad Request : PUT https://discord.com/api/v8/channels/1300862251892478012/messages/1326196380330360904/reactions/%3Apwis%3A/@me
2025-01-07 15:30:57 | [ERROR]   | 400 - Bad Request : PUT https://discord.com/api/v8/channels/1300862251892478012/messages/1326196380330360904/reactions/%3C%3Apwis%3A1311351064506798223%3E%20/@me
2025-01-07 15:31:02 | [ERROR]   | 400 - Bad Request : PUT https://discord.com/api/v8/channels/1300862251892478012/messages/1326196404745670746/reactions/%3Apwis%3A/@me
2025-01-07 15:31:03 | [ERROR]   | 400 - Bad Request : PUT https://discord.com/api/v8/channels/1300862251892478012/messages/1326196404745670746/reactions/%3C%3Apwis%3A1311351064506798223%3E%20/@me
2025-01-07 15:45:43 | [INFO]    | Discordia 2.13.0
2025-01-07 15:45:43 | [INFO]    | Connecting to Discord...
2025-01-07 15:45:43 | [INFO]    | Authenticated as FSRP Managment bot#2478
2025-01-07 15:45:43 | [INFO]    | Launching shard 0 (1 out of 1)...
2025-01-07 15:45:44 | [INFO]    | Shard 0 : Connected to wss://gateway.discord.gg
2025-01-07 15:45:44 | [INFO]    | Shard 0 : Received HELLO
2025-01-07 15:45:44 | [INFO]    | Shard 0 : Received READY
2025-01-07 15:47:53 | [INFO]    | Discordia 2.13.0
2025-01-07 15:47:53 | [INFO]    | Connecting to Discord...
2025-01-07 15:47:54 | [INFO]    | Authenticated as FSRP Managment bot#2478
2025-01-07 15:47:54 | [INFO]    | Launching shard 0 (1 out of 1)...
2025-01-07 15:47:54 | [INFO]    | Shard 0 : Connected to wss://gateway.discord.gg
2025-01-07 15:47:54 | [INFO]    | Shard 0 : Received HELLO
2025-01-07 15:47:54 | [INFO]    | Shard 0 : Received READY
2025-01-07 15:48:29 | [INFO]    | Discordia 2.13.0
2025-01-07 15:48:29 | [INFO]    | Connecting to Discord...
2025-01-07 15:48:29 | [INFO]    | Authenticated as FSRP Managment bot#2478
2025-01-07 15:48:29 | [INFO]    | Launching shard 0 (1 out of 1)...
2025-01-07 15:48:29 | [INFO]    | Shard 0 : Connected to wss://gateway.discord.gg
2025-01-07 15:48:29 | [INFO]    | Shard 0 : Received HELLO
2025-01-07 15:48:30 | [INFO]    | Shard 0 : Received READY
2025-01-07 15:51:17 | [INFO]    | Discordia 2.13.0
2025-01-07 15:51:17 | [INFO]    | Connecting to Discord...
2025-01-07 15:51:17 | [INFO]    | Authenticated as FSRP Managment bot#2478
2025-01-07 15:51:17 | [INFO]    | Launching shard 0 (1 out of 1)...
2025-01-07 15:51:18 | [INFO]    | Shard 0 : Connected to wss://gateway.discord.gg
2025-01-07 15:51:18 | [INFO]    | Shard 0 : Received HELLO
2025-01-07 15:51:18 | [INFO]    | Shard 0 : Received READY
